<?xml version="1.0" encoding="utf-8" standalone="no"?>
<!--This file represents the results of running a test suite-->
<test-results name="D:\Github\Ren.CMS.NET\Ren.CMS.Net\Source\UnitTests\Test.FilemanagmentTest\Test.FilemanagmentTest.nunit" total="1" errors="0" failures="0" not-run="0" inconclusive="0" ignored="0" skipped="0" invalid="0" date="2014-10-26" time="21:42:15">
  <environment nunit-version="2.6.3.13283" clr-version="2.0.50727.8000" os-version="Microsoft Windows NT 6.2.9200.0" platform="Win32NT" cwd="C:\Program Files (x86)\NUnit 2.6.3\bin" machine-name="X1X2X34" user="Malte" user-domain="X1X2X34" />
  <culture-info current-culture="de-DE" current-uiculture="de-DE" />
  <test-suite type="Project" name="D:\Github\Ren.CMS.NET\Ren.CMS.Net\Source\UnitTests\Test.FilemanagmentTest\Test.FilemanagmentTest.nunit" executed="True" result="Success" success="True" time="10.558" asserts="0">
    <results>
      <test-suite type="Assembly" name="D:\Github\Ren.CMS.NET\Ren.CMS.Net\Source\UnitTests\Test.FilemanagmentTest\bin\Debug\Test.FilemanagmentTest.dll" executed="True" result="Success" success="True" time="10.539" asserts="0">
        <results>
          <test-suite type="Namespace" name="Test" executed="True" result="Success" success="True" time="10.539" asserts="0">
            <results>
              <test-suite type="Namespace" name="FilemanagmentTest" executed="True" result="Success" success="True" time="10.538" asserts="0">
                <results>
                  <test-suite type="TestFixture" name="FilemanagmentTest" executed="True" result="Success" success="True" time="10.535" asserts="0">
                    <results>
                      <test-case name="Test.FilemanagmentTest.FilemanagmentTest.DeleteFile" executed="True" result="Success" success="True" time="10.522" asserts="2" />
                    </results>
                  </test-suite>
                </results>
              </test-suite>
            </results>
          </test-suite>
        </results>
      </test-suite>
    </results>
  </test-suite>
</test-results>